<?xml version="1.0" encoding="UTF-8"?>
<!-- Generated by org.testng.reporters.JUnitReportReporter -->
<testsuite skipped="0" hostname="del1-lhp-n65268" name="selenium.selenium.alertboxTest" tests="2" failures="0" timestamp="02 Aug 2019 08:54:22 GMT" time="0.016" errors="0">
  <testcase name="f2" time="0.016" classname="selenium.selenium.alertboxTest"/>
  <testcase name="f1" time="0.000" classname="selenium.selenium.alertboxTest"/>
</testsuite> <!-- selenium.selenium.alertboxTest -->
