<?xml version="1.0" encoding="UTF-8"?>
<!-- Generated by org.testng.reporters.JUnitReportReporter -->
<testsuite skipped="0" hostname="del1-lhp-n65268" name="selenium.selenium.FirstTest" tests="1" failures="0" timestamp="02 Aug 2019 09:07:01 GMT" time="21.725" errors="0">
  <testcase name="first" time="21.725" classname="selenium.selenium.FirstTest"/>
</testsuite> <!-- selenium.selenium.FirstTest -->
